<?xml version="1.0" encoding="UTF-8"?>
<!-- Generated by org.testng.reporters.JUnitReportReporter -->
<testsuite hostname="DESKTOP-N2MNANE" failures="0" tests="1" name="A" time="5.462" errors="0" timestamp="2023-10-01T11:06:21 IST" skipped="0">
  <testcase classname="A" name="M1" time="5.462"/>
  <system-out/>
</testsuite> <!-- A -->
