<?xml version="1.0" encoding="UTF-8"?>
<!-- Generated by org.testng.reporters.JUnitReportReporter -->
<testsuite hostname="DESKTOP-N2MNANE" failures="0" tests="1" name="TestCases.Capture_Screenshot" time="10.382" errors="0" timestamp="2023-10-01T19:12:58 IST" skipped="0">
  <testcase classname="TestCases.Capture_Screenshot" name="sc" time="10.382"/>
  <system-out/>
</testsuite> <!-- TestCases.Capture_Screenshot -->
